<?xml version="1.0" encoding="UTF-8"?>
<!-- Generated by org.testng.reporters.JUnitXMLReporter -->
<testsuite ignored="0" hostname="GaneshBabu" failures="0" tests="3" name="TC_SeleniumEasy" time="85.07" errors="0" timestamp="2021-07-25T21:01:01 IST">
  <testcase classname="Selenium_Topics_TestCases.TC_SeleniumEasy_001" name="VerifySimpleFormDemo" time="6.154"/>
  <testcase classname="Selenium_Topics_TestCases.TC_SeleniumEasy_002" name="Checkbox_Demo" time="8.88"/>
  <testcase classname="Selenium_Topics_TestCases.TC_SeleniumEasy_003" name="Radio_Button_Demo" time="3.417"/>
</testsuite> <!-- TC_SeleniumEasy -->
