<?xml version="1.0" encoding="UTF-8"?>
<testng-results ignored="0" total="4" passed="4" failed="0" skipped="0">
  <reporter-output>
  </reporter-output>
  <suite started-at="2021-07-26T18:35:21 IST" name="SeleniumEasy" finished-at="2021-07-26T18:36:41 IST" duration-ms="79381">
    <groups>
    </groups>
    <test started-at="2021-07-26T18:35:21 IST" name="TC_SeleniumEasy" finished-at="2021-07-26T18:36:41 IST" duration-ms="79381">
      <class name="Selenium_Topics_TestCases.TC_SeleniumEasy_004">
        <test-method is-config="true" signature="Setup(java.lang.String)[pri:0, instance:Selenium_Topics_TestCases.TC_SeleniumEasy_004@234a8f27]" started-at="2021-07-26T18:36:18 IST" name="Setup" finished-at="2021-07-26T18:36:27 IST" duration-ms="9120" status="PASS">
          <params>
            <param index="0">
              <value>
                <![CDATA[chrome]]>
              </value>
            </param>
          </params>
          <reporter-output>
          </reporter-output>
        </test-method> <!-- Setup -->
        <test-method signature="Select_Dropdown_List_Page()[pri:1, instance:Selenium_Topics_TestCases.TC_SeleniumEasy_004@234a8f27]" started-at="2021-07-26T18:36:27 IST" name="Select_Dropdown_List_Page" description="verify the Select_Dropdown_List_Page" finished-at="2021-07-26T18:36:40 IST" duration-ms="12323" status="PASS">
          <reporter-output>
          </reporter-output>
        </test-method> <!-- Select_Dropdown_List_Page -->
        <test-method is-config="true" signature="TearDown()[pri:0, instance:Selenium_Topics_TestCases.TC_SeleniumEasy_004@234a8f27]" started-at="2021-07-26T18:36:40 IST" name="TearDown" finished-at="2021-07-26T18:36:41 IST" duration-ms="977" status="PASS">
          <reporter-output>
          </reporter-output>
        </test-method> <!-- TearDown -->
      </class> <!-- Selenium_Topics_TestCases.TC_SeleniumEasy_004 -->
      <class name="Selenium_Topics_TestCases.TC_SeleniumEasy_002">
        <test-method is-config="true" signature="Setup(java.lang.String)[pri:0, instance:Selenium_Topics_TestCases.TC_SeleniumEasy_002@6441c486]" started-at="2021-07-26T18:35:46 IST" name="Setup" finished-at="2021-07-26T18:35:57 IST" duration-ms="10114" status="PASS">
          <params>
            <param index="0">
              <value>
                <![CDATA[chrome]]>
              </value>
            </param>
          </params>
          <reporter-output>
          </reporter-output>
        </test-method> <!-- Setup -->
        <test-method signature="Checkbox_Demo()[pri:1, instance:Selenium_Topics_TestCases.TC_SeleniumEasy_002@6441c486]" started-at="2021-07-26T18:35:57 IST" name="Checkbox_Demo" description="verify Checkbox_Demo" finished-at="2021-07-26T18:36:06 IST" duration-ms="9192" status="PASS">
          <reporter-output>
          </reporter-output>
        </test-method> <!-- Checkbox_Demo -->
        <test-method is-config="true" signature="TearDown()[pri:0, instance:Selenium_Topics_TestCases.TC_SeleniumEasy_002@6441c486]" started-at="2021-07-26T18:36:06 IST" name="TearDown" finished-at="2021-07-26T18:36:07 IST" duration-ms="885" status="PASS">
          <reporter-output>
          </reporter-output>
        </test-method> <!-- TearDown -->
      </class> <!-- Selenium_Topics_TestCases.TC_SeleniumEasy_002 -->
      <class name="Selenium_Topics_TestCases.TC_SeleniumEasy_003">
        <test-method is-config="true" signature="Setup(java.lang.String)[pri:0, instance:Selenium_Topics_TestCases.TC_SeleniumEasy_003@834831b]" started-at="2021-07-26T18:36:07 IST" name="Setup" finished-at="2021-07-26T18:36:14 IST" duration-ms="7341" status="PASS">
          <params>
            <param index="0">
              <value>
                <![CDATA[chrome]]>
              </value>
            </param>
          </params>
          <reporter-output>
          </reporter-output>
        </test-method> <!-- Setup -->
        <test-method signature="Radio_Button_Demo()[pri:1, instance:Selenium_Topics_TestCases.TC_SeleniumEasy_003@834831b]" started-at="2021-07-26T18:36:14 IST" name="Radio_Button_Demo" description="verify the Radio_Button_Demo" finished-at="2021-07-26T18:36:17 IST" duration-ms="3333" status="PASS">
          <reporter-output>
          </reporter-output>
        </test-method> <!-- Radio_Button_Demo -->
        <test-method is-config="true" signature="TearDown()[pri:0, instance:Selenium_Topics_TestCases.TC_SeleniumEasy_003@834831b]" started-at="2021-07-26T18:36:17 IST" name="TearDown" finished-at="2021-07-26T18:36:18 IST" duration-ms="934" status="PASS">
          <reporter-output>
          </reporter-output>
        </test-method> <!-- TearDown -->
      </class> <!-- Selenium_Topics_TestCases.TC_SeleniumEasy_003 -->
      <class name="Selenium_Topics_TestCases.TC_SeleniumEasy_001">
        <test-method is-config="true" signature="Setup(java.lang.String)[pri:0, instance:Selenium_Topics_TestCases.TC_SeleniumEasy_001@421a4ee1]" started-at="2021-07-26T18:35:21 IST" name="Setup" finished-at="2021-07-26T18:35:40 IST" duration-ms="18827" status="PASS">
          <params>
            <param index="0">
              <value>
                <![CDATA[chrome]]>
              </value>
            </param>
          </params>
          <reporter-output>
          </reporter-output>
        </test-method> <!-- Setup -->
        <test-method signature="VerifySimpleFormDemo()[pri:1, instance:Selenium_Topics_TestCases.TC_SeleniumEasy_001@421a4ee1]" started-at="2021-07-26T18:35:40 IST" name="VerifySimpleFormDemo" description="Verify SimpleFormDemo" finished-at="2021-07-26T18:35:45 IST" duration-ms="4444" status="PASS">
          <reporter-output>
          </reporter-output>
        </test-method> <!-- VerifySimpleFormDemo -->
        <test-method is-config="true" signature="TearDown()[pri:0, instance:Selenium_Topics_TestCases.TC_SeleniumEasy_001@421a4ee1]" started-at="2021-07-26T18:35:45 IST" name="TearDown" finished-at="2021-07-26T18:35:46 IST" duration-ms="1162" status="PASS">
          <reporter-output>
          </reporter-output>
        </test-method> <!-- TearDown -->
      </class> <!-- Selenium_Topics_TestCases.TC_SeleniumEasy_001 -->
    </test> <!-- TC_SeleniumEasy -->
  </suite> <!-- SeleniumEasy -->
</testng-results>
