<?xml version="1.0" encoding="UTF-8"?>
<testng-results ignored="0" total="4" passed="4" failed="0" skipped="0">
  <reporter-output>
  </reporter-output>
  <suite started-at="2021-07-25T23:09:01 IST" name="SeleniumEasy" finished-at="2021-07-25T23:10:25 IST" duration-ms="84129">
    <groups>
    </groups>
    <test started-at="2021-07-25T23:09:01 IST" name="TC_SeleniumEasy" finished-at="2021-07-25T23:10:25 IST" duration-ms="84129">
      <class name="Selenium_Topics_TestCases.TC_SeleniumEasy_004">
        <test-method is-config="true" signature="Setup(java.lang.String)[pri:0, instance:Selenium_Topics_TestCases.TC_SeleniumEasy_004@2f61f937]" started-at="2021-07-25T23:10:02 IST" name="Setup" finished-at="2021-07-25T23:10:12 IST" duration-ms="10379" status="PASS">
          <params>
            <param index="0">
              <value>
                <![CDATA[chrome]]>
              </value>
            </param>
          </params>
          <reporter-output>
          </reporter-output>
        </test-method> <!-- Setup -->
        <test-method signature="Select_Dropdown_List_Page()[pri:1, instance:Selenium_Topics_TestCases.TC_SeleniumEasy_004@2f61f937]" started-at="2021-07-25T23:10:12 IST" name="Select_Dropdown_List_Page" description="verify the Select_Dropdown_List_Page" finished-at="2021-07-25T23:10:24 IST" duration-ms="12462" status="PASS">
          <reporter-output>
          </reporter-output>
        </test-method> <!-- Select_Dropdown_List_Page -->
        <test-method is-config="true" signature="TearDown()[pri:0, instance:Selenium_Topics_TestCases.TC_SeleniumEasy_004@2f61f937]" started-at="2021-07-25T23:10:24 IST" name="TearDown" finished-at="2021-07-25T23:10:25 IST" duration-ms="647" status="PASS">
          <reporter-output>
          </reporter-output>
        </test-method> <!-- TearDown -->
      </class> <!-- Selenium_Topics_TestCases.TC_SeleniumEasy_004 -->
      <class name="Selenium_Topics_TestCases.TC_SeleniumEasy_002">
        <test-method is-config="true" signature="Setup(java.lang.String)[pri:0, instance:Selenium_Topics_TestCases.TC_SeleniumEasy_002@7c4fc2bf]" started-at="2021-07-25T23:09:24 IST" name="Setup" finished-at="2021-07-25T23:09:32 IST" duration-ms="8084" status="PASS">
          <params>
            <param index="0">
              <value>
                <![CDATA[chrome]]>
              </value>
            </param>
          </params>
          <reporter-output>
          </reporter-output>
        </test-method> <!-- Setup -->
        <test-method signature="Checkbox_Demo()[pri:1, instance:Selenium_Topics_TestCases.TC_SeleniumEasy_002@7c4fc2bf]" started-at="2021-07-25T23:09:32 IST" name="Checkbox_Demo" description="verify Checkbox_Demo" finished-at="2021-07-25T23:09:40 IST" duration-ms="8250" status="PASS">
          <reporter-output>
          </reporter-output>
        </test-method> <!-- Checkbox_Demo -->
        <test-method is-config="true" signature="TearDown()[pri:0, instance:Selenium_Topics_TestCases.TC_SeleniumEasy_002@7c4fc2bf]" started-at="2021-07-25T23:09:40 IST" name="TearDown" finished-at="2021-07-25T23:09:41 IST" duration-ms="521" status="PASS">
          <reporter-output>
          </reporter-output>
        </test-method> <!-- TearDown -->
      </class> <!-- Selenium_Topics_TestCases.TC_SeleniumEasy_002 -->
      <class name="Selenium_Topics_TestCases.TC_SeleniumEasy_003">
        <test-method is-config="true" signature="Setup(java.lang.String)[pri:0, instance:Selenium_Topics_TestCases.TC_SeleniumEasy_003@7772054c]" started-at="2021-07-25T23:09:41 IST" name="Setup" finished-at="2021-07-25T23:09:58 IST" duration-ms="17527" status="PASS">
          <params>
            <param index="0">
              <value>
                <![CDATA[chrome]]>
              </value>
            </param>
          </params>
          <reporter-output>
          </reporter-output>
        </test-method> <!-- Setup -->
        <test-method signature="Radio_Button_Demo()[pri:1, instance:Selenium_Topics_TestCases.TC_SeleniumEasy_003@7772054c]" started-at="2021-07-25T23:09:58 IST" name="Radio_Button_Demo" description="verify the Radio_Button_Demo" finished-at="2021-07-25T23:10:01 IST" duration-ms="2589" status="PASS">
          <reporter-output>
          </reporter-output>
        </test-method> <!-- Radio_Button_Demo -->
        <test-method is-config="true" signature="TearDown()[pri:0, instance:Selenium_Topics_TestCases.TC_SeleniumEasy_003@7772054c]" started-at="2021-07-25T23:10:01 IST" name="TearDown" finished-at="2021-07-25T23:10:02 IST" duration-ms="653" status="PASS">
          <reporter-output>
          </reporter-output>
        </test-method> <!-- TearDown -->
      </class> <!-- Selenium_Topics_TestCases.TC_SeleniumEasy_003 -->
      <class name="Selenium_Topics_TestCases.TC_SeleniumEasy_001">
        <test-method is-config="true" signature="Setup(java.lang.String)[pri:0, instance:Selenium_Topics_TestCases.TC_SeleniumEasy_001@5c748168]" started-at="2021-07-25T23:09:01 IST" name="Setup" finished-at="2021-07-25T23:09:19 IST" duration-ms="17814" status="PASS">
          <params>
            <param index="0">
              <value>
                <![CDATA[chrome]]>
              </value>
            </param>
          </params>
          <reporter-output>
          </reporter-output>
        </test-method> <!-- Setup -->
        <test-method signature="VerifySimpleFormDemo()[pri:1, instance:Selenium_Topics_TestCases.TC_SeleniumEasy_001@5c748168]" started-at="2021-07-25T23:09:19 IST" name="VerifySimpleFormDemo" description="Verify SimpleFormDemo" finished-at="2021-07-25T23:09:23 IST" duration-ms="3935" status="PASS">
          <reporter-output>
          </reporter-output>
        </test-method> <!-- VerifySimpleFormDemo -->
        <test-method is-config="true" signature="TearDown()[pri:0, instance:Selenium_Topics_TestCases.TC_SeleniumEasy_001@5c748168]" started-at="2021-07-25T23:09:23 IST" name="TearDown" finished-at="2021-07-25T23:09:24 IST" duration-ms="717" status="PASS">
          <reporter-output>
          </reporter-output>
        </test-method> <!-- TearDown -->
      </class> <!-- Selenium_Topics_TestCases.TC_SeleniumEasy_001 -->
    </test> <!-- TC_SeleniumEasy -->
  </suite> <!-- SeleniumEasy -->
</testng-results>
