<?xml version="1.0" encoding="UTF-8"?>
<testsuite xmlns:xsi="http://www.w3.org/2001/XMLSchema-instance" xsi:noNamespaceSchemaLocation="https://maven.apache.org/surefire/maven-surefire-plugin/xsd/surefire-test-report-3.0.xsd" version="3.0" name="TestSuite" time="84.214" tests="4" errors="0" skipped="0" failures="0">
  <properties>
[...]
</properties>
  <testcase name="VerifySimpleFormDemo" classname="Selenium_Topics_TestCases.TC_SeleniumEasy_001" time="4.353">
    <system-out><![CDATA[ INFO [main] (TC_SeleniumEasy_001.java:26)- popups is diabled
 INFO [main] (TC_SeleniumEasy_001.java:27)- inputForms is clicked
 INFO [main] (TC_SeleniumEasy_001.java:28)- simple form is clicked
 INFO [main] (TC_SeleniumEasy_001.java:29)- message is enter in enter box
 INFO [main] (TC_SeleniumEasy_001.java:30)- clicked on show message
 INFO [main] (TC_SeleniumEasy_001.java:31)- your message is verifed
 INFO [main] (TC_SeleniumEasy_001.java:32)- number is added
 INFO [main] (TC_SeleniumEasy_001.java:33)- number2 is added
 INFO [main] (TC_SeleniumEasy_001.java:34)- get total button clicked
 INFO [main] (TC_SeleniumEasy_001.java:35)- sum is showed
 INFO [main] (TC_SeleniumEasy_001.java:36)- logo is displayed
Screenshot taken
 INFO [main] (TC_SeleniumEasy_001.java:41)- Message is Matched
Your Message:Hai Selenium !!!
Screenshot taken
 INFO [main] (TC_SeleniumEasy_001.java:53)- sum is valid
Total 25+55 =80
]]></system-out>
    <system-err><![CDATA[SLF4J: Failed to load class "org.slf4j.impl.StaticLoggerBinder".
SLF4J: Defaulting to no-operation (NOP) logger implementation
SLF4J: See http://www.slf4j.org/codes.html#StaticLoggerBinder for further details.
Starting ChromeDriver 91.0.4472.101 (af52a90bf87030dd1523486a1cd3ae25c5d76c9b-refs/branch-heads/4472@{#1462}) on port 41967
Only local connections are allowed.
Please see https://chromedriver.chromium.org/security-considerations for suggestions on keeping ChromeDriver safe.
ChromeDriver was started successfully.
Jul 26, 2021 6:35:34 PM org.openqa.selenium.remote.ProtocolHandshake createSession
INFO: Detected dialect: W3C
]]></system-err>
  </testcase>
  <testcase name="Checkbox_Demo" classname="Selenium_Topics_TestCases.TC_SeleniumEasy_002" time="9.131">
    <system-out><![CDATA[ INFO [main] (TC_SeleniumEasy_002.java:25)- popups is diabled
 INFO [main] (TC_SeleniumEasy_002.java:26)- input_Forms is clicked
 INFO [main] (TC_SeleniumEasy_002.java:27)- CheckBox_Demo
 INFO [main] (TC_SeleniumEasy_002.java:28)- Checkbox_clicked
 INFO [main] (TC_SeleniumEasy_002.java:29)- Text_Message_displayed
 INFO [main] (TC_SeleniumEasy_002.java:30)- check_all_button_clicked
 INFO [main] (TC_SeleniumEasy_002.java:31)- option4 clicked
 INFO [main] (TC_SeleniumEasy_002.java:33)- option3 clicked
 INFO [main] (TC_SeleniumEasy_002.java:34)- option2 clicked
 INFO [main] (TC_SeleniumEasy_002.java:36)- option1 clicked
Screenshot taken
The Message is Successfull Displayed
 INFO [main] (TC_SeleniumEasy_002.java:41)- The Message is Successfull Displayed
]]></system-out>
    <system-err><![CDATA[Starting ChromeDriver 91.0.4472.101 (af52a90bf87030dd1523486a1cd3ae25c5d76c9b-refs/branch-heads/4472@{#1462}) on port 36653
Only local connections are allowed.
Please see https://chromedriver.chromium.org/security-considerations for suggestions on keeping ChromeDriver safe.
ChromeDriver was started successfully.
Jul 26, 2021 6:35:49 PM org.openqa.selenium.remote.ProtocolHandshake createSession
INFO: Detected dialect: W3C
]]></system-err>
  </testcase>
  <testcase name="Radio_Button_Demo" classname="Selenium_Topics_TestCases.TC_SeleniumEasy_003" time="3.211">
    <system-out><![CDATA[ INFO [main] (TC_SeleniumEasy_003.java:25)- popups is diabled
 INFO [main] (TC_SeleniumEasy_003.java:26)- input_Forms is clicked
 INFO [main] (TC_SeleniumEasy_003.java:28)- Get_Checked_Value
 INFO [main] (TC_SeleniumEasy_003.java:29)- check_message
 INFO [main] (TC_SeleniumEasy_003.java:30)- click_on_female);
 INFO [main] (TC_SeleniumEasy_003.java:31)- Get_Checked_Value
 INFO [main] (TC_SeleniumEasy_003.java:32)- check_message2;
 INFO [main] (TC_SeleniumEasy_003.java:33)- click_on_Get_Values; 
 INFO [main] (TC_SeleniumEasy_003.java:34)- Message_check;
 INFO [main] (TC_SeleniumEasy_003.java:35)- click_on_Sex_male_button;
 INFO [main] (TC_SeleniumEasy_003.java:36)- click_on_age_button;
 INFO [main] (TC_SeleniumEasy_003.java:37)- click_on_Get_Values;
 INFO [main] (TC_SeleniumEasy_003.java:38)- Message_check;
Screenshot taken
The Message is Successfull Displayed the Message is Radio button is Not checked
 INFO [main] (TC_SeleniumEasy_003.java:43)- The Message is Successfull Displayed
Screenshot taken
The Message is Successfull Displayed the Message is Radio button 'Female' is checked
 INFO [main] (TC_SeleniumEasy_003.java:55)- The Message is Successfull Displayed
Screenshot taken
The Message is Not Display the message is Sex :
Age group:
 INFO [main] (TC_SeleniumEasy_003.java:74)- The Message is Not Display
Screenshot taken
The Message is Not Display the message is Sex : Male
Age group: 15 - 50
 INFO [main] (TC_SeleniumEasy_003.java:88)- The Message is Not Display
]]></system-out>
    <system-err><![CDATA[Starting ChromeDriver 91.0.4472.101 (af52a90bf87030dd1523486a1cd3ae25c5d76c9b-refs/branch-heads/4472@{#1462}) on port 15978
Only local connections are allowed.
Please see https://chromedriver.chromium.org/security-considerations for suggestions on keeping ChromeDriver safe.
ChromeDriver was started successfully.
Jul 26, 2021 6:36:09 PM org.openqa.selenium.remote.ProtocolHandshake createSession
INFO: Detected dialect: W3C
]]></system-err>
  </testcase>
  <testcase name="Select_Dropdown_List_Page" classname="Selenium_Topics_TestCases.TC_SeleniumEasy_004" time="12.304">
    <system-out><![CDATA[ INFO [main] (TC_SeleniumEasy_004.java:25)- popups is disabled
 INFO [main] (TC_SeleniumEasy_004.java:26)- input_Forms is clicked
 INFO [main] (TC_SeleniumEasy_004.java:27)- click_on_Select_DropDown_List
 INFO [main] (TC_SeleniumEasy_004.java:28)- click_on_please_select_button
 INFO [main] (TC_SeleniumEasy_004.java:29)- select_monday_button
 INFO [main] (TC_SeleniumEasy_004.java:30)- check_message
 INFO [main] (TC_SeleniumEasy_004.java:31)- click_on_new_York_Button
 INFO [main] (TC_SeleniumEasy_004.java:33)- click_on_First_selected
 INFO [main] (TC_SeleniumEasy_004.java:34)- check_message2
 INFO [main] (TC_SeleniumEasy_004.java:36)- click_on_Texas_button
 INFO [main] (TC_SeleniumEasy_004.java:37)- click_on_GetAll_Selected_Button
 INFO [main] (TC_SeleniumEasy_004.java:38)- options_selected_is_displayed
Screenshot taken
The Message is Successfull Displayed the Message is Day selected :- Monday
 INFO [main] (TC_SeleniumEasy_004.java:43)- The Message is Successfull Displayed
Screenshot taken
The Message is Successfull Displayed the Message is First selected option is : New York
 INFO [main] (TC_SeleniumEasy_004.java:55)- The Message is Successfull Displayed
Screenshot taken
The Message is Successfull Displayed the Message is Options selected are : Texas
 INFO [main] (TC_SeleniumEasy_004.java:67)- The Message is Successfull Displayed
]]></system-out>
    <system-err><![CDATA[Starting ChromeDriver 91.0.4472.101 (af52a90bf87030dd1523486a1cd3ae25c5d76c9b-refs/branch-heads/4472@{#1462}) on port 24162
Only local connections are allowed.
Please see https://chromedriver.chromium.org/security-considerations for suggestions on keeping ChromeDriver safe.
ChromeDriver was started successfully.
Jul 26, 2021 6:36:20 PM org.openqa.selenium.remote.ProtocolHandshake createSession
INFO: Detected dialect: W3C
]]></system-err>
  </testcase>
</testsuite>