<?xml version="1.0" encoding="UTF-8"?>
<!-- Generated by org.testng.reporters.JUnitXMLReporter -->
<testsuite ignored="0" hostname="GaneshBabu" failures="0" tests="2" name="TC_SeleniumEasy_001" time="42.343" errors="0" timestamp="2021-07-25T13:56:10 IST">
  <testcase classname="Selenium_Topics_TestCases.TC_SeleniumEasy_001" name="VerifySimpleFormDemo" time="3.641"/>
  <testcase classname="Selenium_Topics_TestCases.TC_SeleniumEasy_002" name="Checkbox_Demo" time="8.392"/>
</testsuite> <!-- TC_SeleniumEasy_001 -->
