<?xml version="1.0" encoding="UTF-8"?>
<!-- Generated by org.testng.reporters.JUnitXMLReporter -->
<testsuite ignored="0" hostname="GaneshBabu" failures="0" tests="4" name="TC_SeleniumEasy" time="84.129" errors="0" timestamp="2021-07-25T23:10:25 IST">
  <testcase classname="Selenium_Topics_TestCases.TC_SeleniumEasy_001" name="VerifySimpleFormDemo" time="3.935"/>
  <testcase classname="Selenium_Topics_TestCases.TC_SeleniumEasy_002" name="Checkbox_Demo" time="8.25"/>
  <testcase classname="Selenium_Topics_TestCases.TC_SeleniumEasy_003" name="Radio_Button_Demo" time="2.589"/>
  <testcase classname="Selenium_Topics_TestCases.TC_SeleniumEasy_004" name="Select_Dropdown_List_Page" time="12.462"/>
</testsuite> <!-- TC_SeleniumEasy -->
